<?xml version="1.0" encoding="UTF-8"?>
<!-- Generated by org.testng.reporters.JUnitReportReporter -->
<testsuite skipped="0" hostname="Diego" name="Pruebas.Laboratorio03_E2" tests="1" failures="0" timestamp="2022-07-14T12:27:33 PYT" time="5.066" errors="0">
  <testcase name="login" time="5.066" classname="Pruebas.Laboratorio03_E2"/>
  <system-out/>
</testsuite> <!-- Pruebas.Laboratorio03_E2 -->
